
=== Thu Jul 16 16:39:34 2026

Packages were changed.
Update Mode: updateDependencies

The following packages were added:
  com.unity.2d.sprite@1.0.0
  com.unity.2d.tilemap@1.0.0
  com.unity.ads@4.16.4
  com.unity.analytics@3.8.2
  com.unity.collab-proxy@2.12.4
  com.unity.ide.rider@3.0.39
  com.unity.ide.visualstudio@2.0.27
  com.unity.modules.adaptiveperformance@1.0.0
  com.unity.modules.androidjni@1.0.0
  com.unity.modules.vectorgraphics@1.0.0
  com.unity.purchasing@4.15.0
  com.unity.test-framework@1.6.0
  com.unity.timeline@1.8.12
  com.unity.ugui@2.0.0
  com.unity.xr.legacyinputhelpers@3.0.1
  com.unity.ai.navigation@2.0.12
  com.unity.modules.accessibility@1.0.0
  com.unity.multiplayer.center@1.0.1
